TN:
SF:index.js
FNF:0
FNH:0
DA:19,2
DA:21,2
DA:24,2
DA:31,2
DA:32,2
DA:35,2
DA:36,2
DA:37,2
DA:38,2
DA:39,2
DA:40,2
DA:41,2
DA:42,2
DA:43,2
DA:46,2
DA:47,2
DA:50,2
DA:53,2
DA:54,2
LF:19
LH:19
BRDA:25,0,0,2
BRDA:25,0,1,0
BRF:2
BRH:1
end_of_record
TN:
SF:auth\startgg\startgg.controller.js
FN:4,(anonymous_0)
FN:12,(anonymous_1)
FN:27,(anonymous_2)
FN:31,(anonymous_3)
FNF:4
FNH:0
FNDA:0,(anonymous_0)
FNDA:0,(anonymous_1)
FNDA:0,(anonymous_2)
FNDA:0,(anonymous_3)
DA:4,2
DA:5,0
DA:6,0
DA:8,0
DA:9,0
DA:12,2
DA:13,0
DA:14,0
DA:15,0
DA:16,0
DA:19,0
DA:20,0
DA:22,0
DA:23,0
DA:27,2
DA:28,0
DA:31,2
DA:32,0
DA:33,0
DA:34,0
DA:35,0
DA:36,0
DA:38,0
DA:39,0
LF:24
LH:4
BRDA:5,0,0,0
BRDA:5,0,1,0
BRDA:15,1,0,0
BRDA:15,1,1,0
BRF:4
BRH:0
end_of_record
TN:
SF:auth\startgg\startgg.middleware.js
FN:3,(anonymous_0)
FNF:1
FNH:0
FNDA:0,(anonymous_0)
DA:3,2
DA:4,0
DA:5,0
DA:7,0
DA:8,0
DA:9,0
DA:12,0
DA:13,0
DA:14,0
DA:15,0
DA:16,0
DA:17,0
DA:19,0
DA:23,0
LF:14
LH:1
BRDA:7,0,0,0
BRDA:7,0,1,0
BRF:2
BRH:0
end_of_record
TN:
SF:auth\startgg\startgg.service.js
FN:32,(anonymous_0)
FN:41,(anonymous_1)
FN:83,(anonymous_2)
FN:148,(anonymous_3)
FNF:4
FNH:0
FNDA:0,(anonymous_0)
FNDA:0,(anonymous_1)
FNDA:0,(anonymous_2)
FNDA:0,(anonymous_3)
DA:5,2
DA:32,2
DA:33,0
DA:34,0
DA:35,0
DA:36,0
DA:37,0
DA:38,0
DA:41,2
DA:42,0
DA:43,0
DA:46,0
DA:58,0
DA:59,0
DA:62,0
DA:63,0
DA:66,0
DA:67,0
DA:70,0
DA:71,0
DA:72,0
DA:73,0
DA:75,0
DA:76,0
DA:78,0
DA:79,0
DA:83,0
DA:89,0
DA:92,0
DA:108,0
DA:109,0
DA:116,0
DA:126,0
DA:127,0
DA:130,0
DA:136,0
DA:138,0
DA:143,0
DA:148,2
DA:149,0
DA:150,0
DA:151,0
DA:159,0
DA:160,0
DA:163,0
DA:164,0
DA:166,0
DA:167,0
LF:48
LH:4
BRDA:58,0,0,0
BRDA:58,0,1,0
BRDA:71,1,0,0
BRDA:71,1,1,0
BRDA:78,2,0,0
BRDA:78,2,1,0
BRDA:97,3,0,0
BRDA:97,3,1,0
BRDA:98,4,0,0
BRDA:98,4,1,0
BRDA:108,5,0,0
BRDA:108,5,1,0
BRDA:126,6,0,0
BRDA:126,6,1,0
BRDA:159,7,0,0
BRDA:159,7,1,0
BRF:16
BRH:0
end_of_record
TN:
SF:config\startgg.config.js
FNF:0
FNH:0
DA:1,2
LF:1
LH:1
BRF:0
BRH:0
end_of_record
TN:
SF:controllers\bracketController.js
FN:8,(anonymous_0)
FN:76,(anonymous_1)
FN:78,(anonymous_2)
FN:103,(anonymous_3)
FN:122,(anonymous_4)
FN:159,generateBracketSets
FN:238,(anonymous_6)
FN:248,(anonymous_7)
FN:253,(anonymous_8)
FN:341,createParticipantSlot
FN:387,getRoundName
FNF:11
FNH:0
FNDA:0,(anonymous_0)
FNDA:0,(anonymous_1)
FNDA:0,(anonymous_2)
FNDA:0,(anonymous_3)
FNDA:0,(anonymous_4)
FNDA:0,generateBracketSets
FNDA:0,(anonymous_6)
FNDA:0,(anonymous_7)
FNDA:0,(anonymous_8)
FNDA:0,createParticipantSlot
FNDA:0,getRoundName
DA:8,2
DA:9,0
DA:10,0
DA:12,0
DA:20,0
DA:21,0
DA:27,0
DA:33,0
DA:36,0
DA:37,0
DA:40,0
DA:45,0
DA:51,0
DA:52,0
DA:56,0
DA:57,0
DA:60,0
DA:61,0
DA:68,0
DA:69,0
DA:75,0
DA:76,0
DA:77,0
DA:78,0
DA:82,0
DA:83,0
DA:85,0
DA:86,0
DA:90,0
DA:103,0
DA:112,0
DA:119,0
DA:122,0
DA:123,0
DA:125,0
DA:131,0
DA:132,0
DA:134,0
DA:140,0
DA:144,0
DA:150,0
DA:155,0
DA:160,0
DA:166,0
DA:167,0
DA:169,0
DA:176,0
DA:179,0
DA:182,0
DA:183,0
DA:184,0
DA:186,0
DA:189,0
DA:190,0
DA:191,0
DA:193,0
DA:198,0
DA:204,0
DA:220,0
DA:221,0
DA:224,0
DA:227,0
DA:229,0
DA:231,0
DA:238,0
DA:239,0
DA:240,0
DA:242,0
DA:246,0
DA:247,0
DA:248,0
DA:251,0
DA:253,0
DA:260,0
DA:262,0
DA:263,0
DA:264,0
DA:266,0
DA:267,0
DA:274,0
DA:277,0
DA:278,0
DA:279,0
DA:281,0
DA:282,0
DA:283,0
DA:286,0
DA:287,0
DA:289,0
DA:290,0
DA:298,0
DA:299,0
DA:307,0
DA:308,0
DA:325,0
DA:326,0
DA:327,0
DA:330,0
DA:333,0
DA:337,0
DA:342,0
DA:345,0
DA:346,0
DA:357,0
DA:358,0
DA:365,0
DA:366,0
DA:375,0
DA:379,0
DA:388,0
DA:389,0
DA:390,0
DA:391,0
DA:392,0
DA:393,0
DA:394,0
LF:116
LH:1
BRDA:20,0,0,0
BRDA:20,0,1,0
BRDA:20,1,0,0
BRDA:20,1,1,0
BRDA:33,2,0,0
BRDA:33,3,0,0
BRDA:47,4,0,0
BRDA:47,4,1,0
BRDA:48,5,0,0
BRDA:48,5,1,0
BRDA:51,6,0,0
BRDA:51,6,1,0
BRDA:56,7,0,0
BRDA:56,7,1,0
BRDA:60,8,0,0
BRDA:60,8,1,0
BRDA:60,9,0,0
BRDA:60,9,1,0
BRDA:75,10,0,0
BRDA:75,10,1,0
BRDA:77,11,0,0
BRDA:77,11,1,0
BRDA:78,12,0,0
BRDA:78,12,1,0
BRDA:78,13,0,0
BRDA:78,13,1,0
BRDA:104,14,0,0
BRDA:104,14,1,0
BRDA:105,15,0,0
BRDA:105,15,1,0
BRDA:106,16,0,0
BRDA:106,16,1,0
BRDA:161,17,0,0
BRDA:161,17,1,0
BRDA:189,18,0,0
BRDA:189,18,1,0
BRDA:210,19,0,0
BRDA:210,19,1,0
BRDA:210,20,0,0
BRDA:210,20,1,0
BRDA:210,20,2,0
BRDA:239,21,0,0
BRDA:239,21,1,0
BRDA:266,22,0,0
BRDA:266,22,1,0
BRDA:266,23,0,0
BRDA:266,23,1,0
BRDA:281,24,0,0
BRDA:281,24,1,0
BRDA:289,25,0,0
BRDA:289,25,1,0
BRDA:298,26,0,0
BRDA:298,26,1,0
BRDA:307,27,0,0
BRDA:307,27,1,0
BRDA:307,28,0,0
BRDA:307,28,1,0
BRDA:325,29,0,0
BRDA:325,29,1,0
BRDA:345,30,0,0
BRDA:345,30,1,0
BRDA:345,31,0,0
BRDA:345,31,1,0
BRDA:345,31,2,0
BRDA:350,32,0,0
BRDA:350,32,1,0
BRDA:353,33,0,0
BRDA:353,33,1,0
BRDA:357,34,0,0
BRDA:357,34,1,0
BRDA:357,35,0,0
BRDA:357,35,1,0
BRDA:369,36,0,0
BRDA:369,36,1,0
BRDA:370,37,0,0
BRDA:370,37,1,0
BRDA:372,38,0,0
BRDA:372,38,1,0
BRDA:389,39,0,0
BRDA:389,39,1,0
BRDA:389,39,2,0
BRDA:389,39,3,0
BRDA:389,39,4,0
BRF:83
BRH:0
end_of_record
TN:
SF:controllers\conversationController.js
FN:6,(anonymous_0)
FN:37,(anonymous_1)
FN:54,(anonymous_2)
FN:89,(anonymous_3)
FN:114,(anonymous_4)
FNF:5
FNH:0
FNDA:0,(anonymous_0)
FNDA:0,(anonymous_1)
FNDA:0,(anonymous_2)
FNDA:0,(anonymous_3)
FNDA:0,(anonymous_4)
DA:6,2
DA:7,0
DA:8,0
DA:9,0
DA:12,0
DA:15,0
DA:16,0
DA:17,0
DA:21,0
DA:22,0
DA:27,0
DA:28,0
DA:32,0
DA:38,0
DA:39,0
DA:44,0
DA:45,0
DA:47,0
DA:49,0
DA:50,0
DA:54,2
DA:55,0
DA:56,0
DA:57,0
DA:58,0
DA:60,0
DA:71,0
DA:76,0
DA:84,0
DA:85,0
DA:89,2
DA:90,0
DA:91,0
DA:92,0
DA:94,0
DA:99,0
DA:100,0
DA:104,0
DA:105,0
DA:107,0
DA:109,0
DA:110,0
DA:114,2
DA:115,0
DA:116,0
DA:117,0
DA:120,0
DA:126,0
DA:127,0
DA:130,0
DA:135,0
DA:137,0
DA:138,0
LF:53
LH:4
BRDA:8,0,0,0
BRDA:16,1,0,0
BRDA:16,1,1,0
BRDA:21,2,0,0
BRDA:21,2,1,0
BRDA:21,3,0,0
BRDA:21,3,1,0
BRDA:27,4,0,0
BRDA:27,4,1,0
BRDA:35,5,0,0
BRDA:35,5,1,0
BRDA:57,6,0,0
BRDA:57,6,1,0
BRDA:58,7,0,0
BRDA:58,7,1,0
BRDA:99,8,0,0
BRDA:99,8,1,0
BRDA:126,9,0,0
BRDA:126,9,1,0
BRF:19
BRH:0
end_of_record
TN:
SF:controllers\dashboardController.js
FN:4,(anonymous_0)
FNF:1
FNH:0
FNDA:0,(anonymous_0)
DA:4,2
DA:5,0
DA:6,0
DA:7,0
DA:8,0
DA:11,0
DA:12,0
DA:14,0
DA:15,0
LF:9
LH:1
BRDA:7,0,0,0
BRDA:7,0,1,0
BRF:2
BRH:0
end_of_record
TN:
SF:controllers\eventController.js
FN:7,(anonymous_0)
FN:62,(anonymous_1)
FN:121,(anonymous_2)
FN:152,(anonymous_3)
FN:195,(anonymous_4)
FN:277,(anonymous_5)
FN:327,(anonymous_6)
FN:359,(anonymous_7)
FNF:8
FNH:0
FNDA:0,(anonymous_0)
FNDA:0,(anonymous_1)
FNDA:0,(anonymous_2)
FNDA:0,(anonymous_3)
FNDA:0,(anonymous_4)
FNDA:0,(anonymous_5)
FNDA:0,(anonymous_6)
FNDA:0,(anonymous_7)
DA:7,2
DA:8,0
DA:13,0
DA:14,0
DA:16,0
DA:25,0
DA:26,0
DA:28,0
DA:34,0
DA:39,0
DA:42,0
DA:44,0
DA:49,0
DA:55,0
DA:62,2
DA:63,0
DA:64,0
DA:66,0
DA:72,0
DA:73,0
DA:79,0
DA:91,0
DA:92,0
DA:93,0
DA:99,0
DA:104,0
DA:109,0
DA:114,0
DA:121,2
DA:122,0
DA:123,0
DA:125,0
DA:126,0
DA:133,0
DA:135,0
DA:140,0
DA:145,0
DA:152,2
DA:153,0
DA:154,0
DA:155,0
DA:158,0
DA:159,0
DA:160,0
DA:167,0
DA:169,0
DA:175,0
DA:183,0
DA:188,0
DA:195,2
DA:196,0
DA:197,0
DA:199,0
DA:204,0
DA:205,0
DA:211,0
DA:212,0
DA:213,0
DA:214,0
DA:221,0
DA:223,0
DA:224,0
DA:226,0
DA:227,0
DA:229,0
DA:230,0
DA:232,0
DA:233,0
DA:235,0
DA:236,0
DA:238,0
DA:239,0
DA:241,0
DA:242,0
DA:244,0
DA:245,0
DA:249,0
DA:255,0
DA:260,0
DA:265,0
DA:270,0
DA:277,2
DA:278,0
DA:279,0
DA:281,0
DA:283,0
DA:284,0
DA:290,0
DA:291,0
DA:292,0
DA:293,0
DA:300,0
DA:306,0
DA:308,0
DA:310,0
DA:315,0
DA:320,0
DA:327,2
DA:328,0
DA:329,0
DA:330,0
DA:332,0
DA:337,0
DA:338,0
DA:344,0
DA:345,0
DA:346,0
DA:347,0
DA:354,0
DA:359,0
DA:370,0
DA:375,0
DA:380,0
DA:385,0
LF:114
LH:7
BRDA:42,0,0,0
BRDA:42,0,1,0
BRDA:72,1,0,0
BRDA:72,1,1,0
BRDA:91,2,0,0
BRDA:91,2,1,0
BRDA:125,3,0,0
BRDA:125,3,1,0
BRDA:158,4,0,0
BRDA:158,4,1,0
BRDA:158,5,0,0
BRDA:158,5,1,0
BRDA:183,6,0,0
BRDA:183,6,1,0
BRDA:184,7,0,0
BRDA:184,7,1,0
BRDA:185,8,0,0
BRDA:185,8,1,0
BRDA:185,9,0,0
BRDA:185,9,1,0
BRDA:204,10,0,0
BRDA:204,10,1,0
BRDA:212,11,0,0
BRDA:212,11,1,0
BRDA:223,12,0,0
BRDA:223,12,1,0
BRDA:226,13,0,0
BRDA:226,13,1,0
BRDA:229,14,0,0
BRDA:229,14,1,0
BRDA:232,15,0,0
BRDA:232,15,1,0
BRDA:235,16,0,0
BRDA:235,16,1,0
BRDA:238,17,0,0
BRDA:238,17,1,0
BRDA:241,18,0,0
BRDA:241,18,1,0
BRDA:244,19,0,0
BRDA:244,19,1,0
BRDA:283,20,0,0
BRDA:283,20,1,0
BRDA:291,21,0,0
BRDA:291,21,1,0
BRDA:337,22,0,0
BRDA:337,22,1,0
BRDA:345,23,0,0
BRDA:345,23,1,0
BRF:48
BRH:0
end_of_record
TN:
SF:controllers\messageController.js
FN:5,(anonymous_0)
FN:38,(anonymous_1)
FN:39,(anonymous_2)
FN:61,(anonymous_3)
FN:82,(anonymous_4)
FNF:5
FNH:0
FNDA:0,(anonymous_0)
FNDA:0,(anonymous_1)
FNDA:0,(anonymous_2)
FNDA:0,(anonymous_3)
FNDA:0,(anonymous_4)
DA:5,2
DA:6,0
DA:7,0
DA:8,0
DA:10,0
DA:11,0
DA:12,0
DA:16,0
DA:17,0
DA:20,0
DA:27,0
DA:30,0
DA:37,0
DA:38,0
DA:39,0
DA:44,0
DA:50,0
DA:51,0
DA:54,0
DA:56,0
DA:57,0
DA:61,2
DA:62,0
DA:63,0
DA:64,0
DA:75,0
DA:77,0
DA:78,0
DA:82,2
DA:83,0
DA:84,0
DA:85,0
DA:87,0
DA:98,0
DA:102,0
DA:104,0
DA:105,0
LF:37
LH:3
BRDA:11,0,0,0
BRDA:11,0,1,0
BRDA:16,1,0,0
BRDA:16,1,1,0
BRDA:50,2,0,0
BRDA:50,2,1,0
BRF:6
BRH:0
end_of_record
TN:
SF:controllers\postController.js
FN:4,(anonymous_0)
FN:26,(anonymous_1)
FNF:2
FNH:0
FNDA:0,(anonymous_0)
FNDA:0,(anonymous_1)
DA:4,2
DA:5,0
DA:6,0
DA:8,0
DA:9,0
DA:10,0
DA:13,0
DA:18,0
DA:19,0
DA:21,0
DA:22,0
DA:26,2
DA:27,0
DA:28,0
DA:29,0
DA:31,0
DA:38,0
DA:40,0
DA:48,0
DA:49,0
LF:20
LH:2
BRDA:9,0,0,0
BRDA:9,0,1,0
BRDA:28,1,0,0
BRDA:28,1,1,0
BRDA:29,2,0,0
BRDA:29,2,1,0
BRF:6
BRH:0
end_of_record
TN:
SF:controllers\stationReportingController.js
FN:3,(anonymous_0)
FN:15,(anonymous_1)
FN:27,(anonymous_2)
FN:39,(anonymous_3)
FNF:4
FNH:0
FNDA:0,(anonymous_0)
FNDA:0,(anonymous_1)
FNDA:0,(anonymous_2)
FNDA:0,(anonymous_3)
DA:3,2
DA:4,0
DA:5,0
DA:7,0
DA:8,0
DA:9,0
DA:11,0
DA:15,2
DA:16,0
DA:17,0
DA:19,0
DA:20,0
DA:21,0
DA:23,0
DA:27,2
DA:28,0
DA:29,0
DA:31,0
DA:32,0
DA:33,0
DA:35,0
DA:39,2
DA:40,0
DA:41,0
DA:43,0
DA:44,0
DA:45,0
DA:47,0
LF:28
LH:4
BRF:0
BRH:0
end_of_record
TN:
SF:controllers\stationViewerController.js
FN:3,(anonymous_0)
FNF:1
FNH:0
FNDA:0,(anonymous_0)
DA:3,2
DA:4,0
DA:6,0
DA:8,0
DA:9,0
DA:10,0
DA:12,0
DA:13,0
LF:8
LH:1
BRF:0
BRH:0
end_of_record
TN:
SF:controllers\ticketController.js
FN:3,(anonymous_0)
FN:18,(anonymous_1)
FN:29,(anonymous_2)
FN:43,(anonymous_3)
FN:55,(anonymous_4)
FN:67,(anonymous_5)
FNF:6
FNH:0
FNDA:0,(anonymous_0)
FNDA:0,(anonymous_1)
FNDA:0,(anonymous_2)
FNDA:0,(anonymous_3)
FNDA:0,(anonymous_4)
FNDA:0,(anonymous_5)
DA:3,2
DA:4,0
DA:5,0
DA:10,0
DA:11,0
DA:13,0
DA:14,0
DA:18,2
DA:19,0
DA:20,0
DA:21,0
DA:22,0
DA:24,0
DA:25,0
DA:29,2
DA:30,0
DA:31,0
DA:32,0
DA:33,0
DA:34,0
DA:36,0
DA:38,0
DA:39,0
DA:43,2
DA:44,0
DA:45,0
DA:46,0
DA:47,0
DA:48,0
DA:50,0
DA:51,0
DA:55,2
DA:56,0
DA:57,0
DA:58,0
DA:59,0
DA:60,0
DA:62,0
DA:63,0
DA:67,2
DA:68,0
DA:69,0
DA:70,0
DA:71,0
DA:73,0
DA:74,0
LF:46
LH:6
BRDA:33,0,0,0
BRDA:33,0,1,0
BRF:2
BRH:0
end_of_record
TN:
SF:controllers\tournamentController.js
FN:14,(anonymous_0)
FN:41,(anonymous_1)
FN:86,(anonymous_2)
FN:108,(anonymous_3)
FN:187,(anonymous_4)
FN:209,(anonymous_5)
FN:261,(anonymous_6)
FN:287,(anonymous_7)
FN:323,(anonymous_8)
FN:354,(anonymous_9)
FN:369,(anonymous_10)
FN:370,(anonymous_11)
FN:372,(anonymous_12)
FN:395,(anonymous_13)
FN:417,(anonymous_14)
FNF:15
FNH:5
FNDA:1,(anonymous_0)
FNDA:2,(anonymous_1)
FNDA:1,(anonymous_2)
FNDA:0,(anonymous_3)
FNDA:0,(anonymous_4)
FNDA:2,(anonymous_5)
FNDA:1,(anonymous_6)
FNDA:0,(anonymous_7)
FNDA:0,(anonymous_8)
FNDA:0,(anonymous_9)
FNDA:0,(anonymous_10)
FNDA:0,(anonymous_11)
FNDA:0,(anonymous_12)
FNDA:0,(anonymous_13)
FNDA:0,(anonymous_14)
DA:14,2
DA:15,1
DA:16,1
DA:17,1
DA:19,1
DA:24,1
DA:25,0
DA:30,0
DA:32,1
DA:37,1
DA:41,2
DA:42,2
DA:43,2
DA:46,2
DA:48,2
DA:49,0
DA:50,0
DA:56,2
DA:62,2
DA:63,1
DA:69,1
DA:74,0
DA:79,0
DA:86,2
DA:87,1
DA:88,1
DA:92,1
DA:97,0
DA:101,0
DA:108,2
DA:109,0
DA:110,0
DA:113,0
DA:122,0
DA:123,0
DA:124,0
DA:126,0
DA:130,0
DA:131,0
DA:137,0
DA:143,0
DA:145,0
DA:146,0
DA:147,0
DA:154,0
DA:155,0
DA:159,0
DA:165,0
DA:171,0
DA:176,0
DA:178,0
DA:183,0
DA:187,2
DA:188,0
DA:189,0
DA:190,0
DA:192,0
DA:193,0
DA:197,0
DA:198,0
DA:201,0
DA:202,0
DA:204,0
DA:205,0
DA:209,2
DA:210,2
DA:211,2
DA:212,2
DA:214,2
DA:215,0
DA:222,2
DA:223,0
DA:230,2
DA:231,0
DA:237,2
DA:239,2
DA:244,2
DA:249,0
DA:254,0
DA:261,2
DA:262,1
DA:263,1
DA:265,1
DA:266,1
DA:267,0
DA:271,1
DA:272,1
DA:277,0
DA:278,0
DA:280,0
DA:282,0
DA:283,0
DA:287,2
DA:288,0
DA:289,0
DA:290,0
DA:292,0
DA:293,0
DA:299,0
DA:301,0
DA:306,0
DA:311,0
DA:316,0
DA:323,2
DA:324,0
DA:325,0
DA:326,0
DA:328,0
DA:329,0
DA:335,0
DA:337,0
DA:342,0
DA:347,0
DA:354,2
DA:355,0
DA:356,0
DA:358,0
DA:367,0
DA:369,0
DA:370,0
DA:371,0
DA:372,0
DA:375,0
DA:383,0
DA:388,0
DA:395,2
DA:396,0
DA:397,0
DA:398,0
DA:400,0
DA:401,0
DA:407,0
DA:409,0
DA:410,0
DA:417,0
DA:418,0
DA:425,0
DA:431,0
DA:433,0
DA:439,0
DA:444,0
DA:449,0
LF:142
LH:44
BRDA:48,0,0,0
BRDA:48,0,1,2
BRDA:62,1,0,1
BRDA:62,1,1,1
BRDA:130,2,0,0
BRDA:130,2,1,0
BRDA:130,3,0,0
BRDA:130,3,1,0
BRDA:145,4,0,0
BRDA:145,4,1,0
BRDA:154,5,0,0
BRDA:154,5,1,0
BRDA:192,6,0,0
BRDA:192,6,1,0
BRDA:197,7,0,0
BRDA:197,7,1,0
BRDA:214,8,0,0
BRDA:214,8,1,2
BRDA:222,9,0,0
BRDA:222,9,1,2
BRDA:230,10,0,0
BRDA:230,10,1,2
BRDA:266,11,0,0
BRDA:266,11,1,1
BRDA:271,12,0,1
BRDA:271,12,1,0
BRDA:292,13,0,0
BRDA:292,13,1,0
BRDA:328,14,0,0
BRDA:328,14,1,0
BRDA:371,15,0,0
BRDA:371,15,1,0
BRDA:400,16,0,0
BRDA:400,16,1,0
BRDA:400,17,0,0
BRDA:400,17,1,0
BRDA:409,18,0,0
BRDA:409,18,1,0
BRDA:417,19,0,0
BRDA:417,19,1,0
BRF:40
BRH:8
end_of_record
TN:
SF:controllers\upcomingTournamentsController.js
FN:3,(anonymous_0)
FNF:1
FNH:0
FNDA:0,(anonymous_0)
DA:3,2
DA:4,0
DA:6,0
DA:8,0
DA:9,0
DA:10,0
DA:12,0
DA:13,0
LF:8
LH:1
BRF:0
BRH:0
end_of_record
TN:
SF:controllers\userController.js
FN:11,(anonymous_0)
FN:35,(anonymous_1)
FN:59,(anonymous_2)
FN:92,(anonymous_3)
FN:105,(anonymous_4)
FN:121,(anonymous_5)
FN:123,(anonymous_6)
FNF:7
FNH:6
FNDA:2,(anonymous_0)
FNDA:1,(anonymous_1)
FNDA:1,(anonymous_2)
FNDA:0,(anonymous_3)
FNDA:1,(anonymous_4)
FNDA:1,(anonymous_5)
FNDA:2,(anonymous_6)
DA:11,2
DA:12,2
DA:13,2
DA:15,1
DA:22,1
DA:27,1
DA:28,1
DA:35,2
DA:36,1
DA:37,1
DA:39,1
DA:46,1
DA:52,0
DA:59,2
DA:60,1
DA:64,1
DA:65,1
DA:68,0
DA:69,0
DA:72,0
DA:73,0
DA:76,0
DA:79,1
DA:84,0
DA:85,0
DA:92,2
DA:93,0
DA:94,0
DA:95,0
DA:97,0
DA:98,0
DA:105,2
DA:106,1
DA:107,1
DA:108,1
DA:113,0
DA:114,0
DA:121,2
DA:122,1
DA:123,1
DA:124,2
DA:131,1
DA:136,0
DA:137,0
LF:44
LH:27
BRDA:64,0,0,1
BRDA:64,0,1,0
BRDA:68,1,0,0
BRDA:68,1,1,0
BRDA:72,2,0,0
BRDA:72,2,1,0
BRF:6
BRH:1
end_of_record
TN:
SF:middleware\auth.js
FN:4,(anonymous_0)
FNF:1
FNH:1
FNDA:8,(anonymous_0)
DA:4,2
DA:5,8
DA:6,8
DA:8,8
DA:9,1
DA:10,1
DA:13,7
DA:14,7
DA:16,7
DA:17,0
DA:18,0
DA:21,7
DA:22,7
DA:24,7
DA:25,0
DA:26,0
DA:29,7
DA:30,7
DA:31,7
DA:32,7
DA:34,0
DA:35,0
DA:40,2
LF:23
LH:17
BRDA:6,0,0,8
BRDA:6,0,1,1
BRDA:8,1,0,1
BRDA:8,1,1,7
BRDA:16,2,0,0
BRDA:16,2,1,7
BRDA:24,3,0,0
BRDA:24,3,1,7
BRF:8
BRH:6
end_of_record
TN:
SF:middleware\isOrganizer.js
FN:6,(anonymous_0)
FNF:1
FNH:1
FNDA:1,(anonymous_0)
DA:6,2
DA:7,1
DA:8,1
DA:16,1
DA:18,1
DA:21,0
DA:22,0
DA:23,0
DA:24,0
DA:30,0
DA:34,1
DA:35,0
DA:38,1
DA:44,1
DA:45,0
DA:46,0
DA:52,1
DA:53,0
DA:57,0
DA:63,1
DA:65,1
DA:66,0
DA:67,0
DA:73,1
DA:74,0
DA:78,0
DA:85,1
DA:86,1
DA:88,0
DA:93,0
LF:30
LH:14
BRDA:16,0,0,1
BRDA:16,0,1,0
BRDA:16,1,0,1
BRDA:16,1,1,1
BRDA:18,2,0,1
BRDA:18,2,1,1
BRDA:18,2,2,1
BRDA:18,2,3,1
BRDA:21,3,0,0
BRDA:21,3,1,0
BRDA:23,4,0,0
BRDA:23,4,1,0
BRDA:30,5,0,0
BRDA:30,5,1,0
BRDA:34,6,0,0
BRDA:34,6,1,1
BRDA:34,7,0,1
BRDA:34,7,1,0
BRDA:44,8,0,0
BRDA:44,8,1,1
BRDA:52,9,0,0
BRDA:52,9,1,1
BRDA:65,10,0,0
BRDA:65,10,1,1
BRDA:73,11,0,0
BRDA:73,11,1,1
BRF:26
BRH:13
end_of_record
TN:
SF:models\Conversation.js
FNF:0
FNH:0
DA:3,2
DA:21,2
DA:22,2
LF:3
LH:3
BRF:0
BRH:0
end_of_record
TN:
SF:models\Event.js
FN:40,(anonymous_0)
FNF:1
FNH:0
FNDA:0,(anonymous_0)
DA:3,2
DA:40,2
DA:41,0
DA:42,0
DA:44,0
DA:45,0
DA:48,2
DA:49,2
DA:50,2
LF:9
LH:5
BRDA:41,0,0,0
BRDA:41,0,1,0
BRDA:44,1,0,0
BRDA:44,1,1,0
BRF:4
BRH:0
end_of_record
TN:
SF:models\Match.js
FNF:0
FNH:0
DA:3,2
LF:1
LH:1
BRF:0
BRH:0
end_of_record
TN:
SF:models\Message.js
FNF:0
FNH:0
DA:3,2
DA:19,2
DA:20,2
LF:3
LH:3
BRF:0
BRH:0
end_of_record
TN:
SF:models\Phase.js
FNF:0
FNH:0
DA:3,2
LF:1
LH:1
BRF:0
BRH:0
end_of_record
TN:
SF:models\Post.js
FNF:0
FNH:0
DA:3,2
LF:1
LH:1
BRF:0
BRH:0
end_of_record
TN:
SF:models\Set.js
FNF:0
FNH:0
DA:3,2
LF:1
LH:1
BRF:0
BRH:0
end_of_record
TN:
SF:models\Ticket.js
FN:58,(anonymous_0)
FNF:1
FNH:0
FNDA:0,(anonymous_0)
DA:3,2
DA:58,2
DA:59,0
DA:60,0
LF:4
LH:2
BRF:0
BRH:0
end_of_record
TN:
SF:models\Tournament.js
FN:41,(anonymous_0)
FN:51,(anonymous_1)
FN:58,(anonymous_2)
FN:60,(anonymous_3)
FNF:4
FNH:3
FNDA:9,(anonymous_0)
FNDA:2,(anonymous_1)
FNDA:2,(anonymous_2)
FNDA:0,(anonymous_3)
DA:3,2
DA:41,2
DA:42,9
DA:43,9
DA:46,2
DA:47,2
DA:48,2
DA:49,2
DA:51,2
DA:52,2
DA:53,2
DA:58,2
DA:59,2
DA:60,0
LF:14
LH:13
BRDA:53,0,0,2
BRDA:53,0,1,2
BRDA:53,0,2,2
BRDA:53,0,3,2
BRDA:53,0,4,0
BRDA:59,1,0,2
BRDA:59,1,1,2
BRF:7
BRH:6
end_of_record
TN:
SF:models\User.js
FN:78,(anonymous_0)
FN:87,(anonymous_1)
FNF:2
FNH:2
FNDA:10,(anonymous_0)
FNDA:1,(anonymous_1)
DA:4,2
DA:10,2
DA:78,2
DA:79,10
DA:80,10
DA:82,10
DA:83,10
DA:87,2
DA:88,1
LF:9
LH:9
BRDA:79,0,0,10
BRDA:79,0,1,0
BRF:2
BRH:1
end_of_record
TN:
SF:routes\authRoutes.js
FNF:0
FNH:0
DA:5,2
DA:7,2
DA:8,2
DA:9,2
LF:4
LH:4
BRF:0
BRH:0
end_of_record
TN:
SF:routes\conversationRoutes.js
FNF:0
FNH:0
DA:11,2
DA:13,2
DA:14,2
DA:15,2
DA:16,2
DA:17,2
LF:6
LH:6
BRF:0
BRH:0
end_of_record
TN:
SF:routes\dashboardRoute.js
FNF:0
FNH:0
DA:5,2
DA:7,2
LF:2
LH:2
BRF:0
BRH:0
end_of_record
TN:
SF:routes\eventRoutes.js
FN:19,(anonymous_0)
FNF:1
FNH:0
FNDA:0,(anonymous_0)
DA:16,2
DA:19,2
DA:20,0
DA:27,0
DA:31,2
DA:32,2
DA:33,2
DA:34,2
DA:35,2
DA:36,2
DA:37,2
DA:43,2
LF:12
LH:10
BRF:0
BRH:0
end_of_record
TN:
SF:routes\messageRoutes.js
FNF:0
FNH:0
DA:10,2
DA:12,2
DA:13,2
DA:14,2
LF:4
LH:4
BRF:0
BRH:0
end_of_record
TN:
SF:routes\postRoutes.js
FNF:0
FNH:0
DA:5,2
DA:7,2
DA:8,2
LF:3
LH:3
BRF:0
BRH:0
end_of_record
TN:
SF:routes\pushNotificationsRoute.js
FN:23,(anonymous_0)
FN:42,(anonymous_1)
FN:64,(anonymous_2)
FN:88,getStateText
FNF:4
FNH:0
FNDA:0,(anonymous_0)
FNDA:0,(anonymous_1)
FNDA:0,(anonymous_2)
FNDA:0,getStateText
DA:4,2
DA:7,2
DA:10,2
DA:11,0
DA:12,0
DA:16,2
DA:23,2
DA:24,0
DA:27,0
DA:28,0
DA:31,0
DA:33,0
DA:34,0
DA:35,0
DA:37,0
DA:38,0
DA:42,2
DA:43,0
DA:44,0
DA:45,0
DA:46,0
DA:49,0
DA:54,0
DA:55,0
DA:56,0
DA:57,0
DA:59,0
DA:60,0
DA:64,2
DA:65,0
DA:66,0
DA:68,0
DA:69,0
DA:70,0
DA:73,0
DA:78,0
DA:79,0
DA:80,0
DA:81,0
DA:83,0
DA:84,0
DA:89,0
DA:90,0
DA:91,0
DA:92,0
DA:93,0
DA:94,0
DA:95,0
LF:48
LH:7
BRDA:10,0,0,0
BRDA:10,0,1,2
BRDA:10,1,0,2
BRDA:10,1,1,2
BRDA:10,1,2,2
BRDA:27,2,0,0
BRDA:27,2,1,0
BRDA:27,3,0,0
BRDA:27,3,1,0
BRDA:44,4,0,0
BRDA:44,4,1,0
BRDA:68,5,0,0
BRDA:68,5,1,0
BRDA:68,6,0,0
BRDA:68,6,1,0
BRDA:89,7,0,0
BRDA:89,7,1,0
BRDA:89,7,2,0
BRDA:89,7,3,0
BRDA:89,7,4,0
BRDA:89,7,5,0
BRF:21
BRH:4
end_of_record
TN:
SF:routes\stationReportingRoute.js
FNF:0
FNH:0
DA:5,2
DA:7,2
DA:8,2
DA:9,2
DA:10,2
LF:5
LH:5
BRF:0
BRH:0
end_of_record
TN:
SF:routes\stationViewerRoute.js
FNF:0
FNH:0
DA:4,2
DA:6,2
LF:2
LH:2
BRF:0
BRH:0
end_of_record
TN:
SF:routes\ticketRoutes.js
FNF:0
FNH:0
DA:5,2
DA:8,2
DA:11,2
DA:14,2
DA:17,2
DA:20,2
DA:23,2
LF:7
LH:7
BRF:0
BRH:0
end_of_record
TN:
SF:routes\tournamentRoutes.js
FNF:0
FNH:0
DA:6,2
DA:8,2
DA:9,2
DA:10,2
DA:11,2
DA:12,2
DA:13,2
DA:14,2
DA:15,2
DA:16,2
DA:17,2
DA:18,2
LF:12
LH:12
BRF:0
BRH:0
end_of_record
TN:
SF:routes\upcomingTournamentsRoute.js
FN:6,(anonymous_0)
FNF:1
FNH:0
FNDA:0,(anonymous_0)
DA:4,2
DA:6,2
DA:7,0
DA:8,0
DA:10,0
DA:11,0
DA:16,0
DA:17,0
LF:8
LH:2
BRF:0
BRH:0
end_of_record
TN:
SF:routes\userRoutes.js
FNF:0
FNH:0
DA:12,2
DA:15,2
DA:16,2
DA:17,2
DA:20,2
DA:21,2
DA:22,2
DA:23,2
DA:26,2
LF:9
LH:9
BRF:0
BRH:0
end_of_record
TN:
SF:routes\auth\startgg.routes.js
FN:8,(anonymous_0)
FN:21,(anonymous_1)
FN:48,(anonymous_2)
FN:58,(anonymous_3)
FNF:4
FNH:0
FNDA:0,(anonymous_0)
FNDA:0,(anonymous_1)
FNDA:0,(anonymous_2)
FNDA:0,(anonymous_3)
DA:6,2
DA:8,2
DA:9,0
DA:10,0
DA:11,0
DA:12,0
DA:13,0
DA:16,2
DA:18,2
DA:19,2
DA:21,2
DA:22,0
DA:23,0
DA:24,0
DA:26,0
DA:27,0
DA:28,0
DA:31,0
DA:37,0
DA:39,0
DA:44,0
DA:48,2
DA:49,0
DA:50,0
DA:51,0
DA:53,0
DA:54,0
DA:58,2
DA:59,0
DA:60,0
DA:61,0
DA:62,0
DA:65,0
DA:71,0
DA:72,0
LF:35
LH:8
BRDA:26,0,0,0
BRDA:26,0,1,0
BRDA:61,1,0,0
BRDA:61,1,1,0
BRF:4
BRH:0
end_of_record
TN:
SF:services\stationViewerService.js
FN:8,FetchStations
FNF:1
FNH:0
FNDA:0,FetchStations
DA:4,2
DA:6,2
DA:9,0
DA:11,0
DA:12,0
DA:64,0
DA:65,0
DA:68,0
DA:69,0
DA:71,0
DA:72,0
LF:11
LH:2
BRDA:64,0,0,0
BRDA:64,0,1,0
BRF:2
BRH:0
end_of_record
TN:
SF:services\ticketService.js
FN:4,(anonymous_0)
FN:9,(anonymous_1)
FN:17,(anonymous_2)
FN:24,(anonymous_3)
FN:35,(anonymous_4)
FN:52,(anonymous_5)
FNF:6
FNH:0
FNDA:0,(anonymous_0)
FNDA:0,(anonymous_1)
FNDA:0,(anonymous_2)
FNDA:0,(anonymous_3)
FNDA:0,(anonymous_4)
FNDA:0,(anonymous_5)
DA:4,2
DA:5,0
DA:6,0
DA:9,2
DA:10,0
DA:17,2
DA:18,0
DA:24,2
DA:25,0
DA:35,2
DA:36,0
DA:52,2
DA:53,0
LF:13
LH:6
BRF:0
BRH:0
end_of_record
TN:
SF:services\upcomingTournamentsService.js
FN:6,(anonymous_0)
FNF:1
FNH:0
FNDA:0,(anonymous_0)
DA:4,2
DA:6,2
DA:7,0
DA:59,0
DA:60,0
DA:63,0
DA:64,0
DA:65,0
LF:8
LH:2
BRDA:59,0,0,0
BRDA:59,0,1,0
BRF:2
BRH:0
end_of_record
TN:
SF:services\Stations\stationReportingService.js
FN:8,reportSet
FN:65,resetSet
FN:101,markSetCalled
FN:136,markSetInProgress
FNF:4
FNH:0
FNDA:0,reportSet
FNDA:0,resetSet
FNDA:0,markSetCalled
FNDA:0,markSetInProgress
DA:4,2
DA:6,2
DA:9,0
DA:10,0
DA:11,0
DA:12,0
DA:14,0
DA:15,0
DA:17,0
DA:18,0
DA:19,0
DA:21,0
DA:25,0
DA:48,0
DA:50,0
DA:51,0
DA:52,0
DA:53,0
DA:56,0
DA:57,0
DA:58,0
DA:60,0
DA:61,0
DA:66,0
DA:67,0
DA:89,0
DA:90,0
DA:91,0
DA:94,0
DA:96,0
DA:97,0
DA:102,0
DA:103,0
DA:124,0
DA:125,0
DA:126,0
DA:129,0
DA:131,0
DA:132,0
DA:137,0
DA:138,0
DA:159,0
DA:160,0
DA:161,0
DA:164,0
DA:166,0
DA:167,0
LF:47
LH:2
BRDA:11,0,0,0
BRDA:11,0,1,0
BRDA:18,1,0,0
BRDA:18,1,1,0
BRDA:50,2,0,0
BRDA:50,2,1,0
BRDA:53,3,0,0
BRDA:53,3,1,0
BRDA:89,4,0,0
BRDA:89,4,1,0
BRDA:91,5,0,0
BRDA:91,5,1,0
BRDA:124,6,0,0
BRDA:124,6,1,0
BRDA:126,7,0,0
BRDA:126,7,1,0
BRDA:159,8,0,0
BRDA:159,8,1,0
BRDA:161,9,0,0
BRDA:161,9,1,0
BRF:20
BRH:0
end_of_record
TN:
SF:services\dashboard\dashboardDataProcessing.js
FN:2,(anonymous_0)
FN:3,(anonymous_1)
FN:6,(anonymous_2)
FN:12,(anonymous_3)
FN:19,(anonymous_4)
FN:36,(anonymous_5)
FNF:6
FNH:0
FNDA:0,(anonymous_0)
FNDA:0,(anonymous_1)
FNDA:0,(anonymous_2)
FNDA:0,(anonymous_3)
FNDA:0,(anonymous_4)
FNDA:0,(anonymous_5)
DA:2,2
DA:3,0
DA:4,0
DA:6,0
DA:7,0
DA:9,0
DA:10,0
DA:12,0
DA:13,0
DA:14,0
DA:19,0
DA:26,0
DA:33,0
DA:35,0
DA:36,0
DA:38,0
LF:16
LH:1
BRDA:3,0,0,0
BRDA:3,0,1,0
BRDA:4,1,0,0
BRDA:4,1,1,0
BRDA:6,2,0,0
BRDA:6,2,1,0
BRDA:7,3,0,0
BRDA:7,3,1,0
BRDA:10,4,0,0
BRDA:10,4,1,0
BRDA:12,5,0,0
BRDA:12,5,1,0
BRDA:13,6,0,0
BRDA:13,6,1,0
BRDA:18,7,0,0
BRDA:18,7,1,0
BRDA:19,8,0,0
BRDA:19,8,1,0
BRDA:21,9,0,0
BRDA:21,9,1,0
BRDA:33,10,0,0
BRDA:33,10,1,0
BRDA:36,11,0,0
BRDA:36,11,1,0
BRDA:36,11,2,0
BRDA:39,12,0,0
BRDA:39,12,1,0
BRDA:40,13,0,0
BRDA:40,13,1,0
BRDA:41,14,0,0
BRDA:41,14,1,0
BRDA:42,15,0,0
BRDA:42,15,1,0
BRDA:43,16,0,0
BRDA:43,16,1,0
BRDA:44,17,0,0
BRDA:44,17,1,0
BRDA:45,18,0,0
BRDA:45,18,1,0
BRDA:46,19,0,0
BRDA:46,19,1,0
BRF:41
BRH:0
end_of_record
TN:
SF:services\dashboard\dashboardFetch.js
FN:4,(anonymous_0)
FNF:1
FNH:0
FNDA:0,(anonymous_0)
DA:4,2
DA:5,0
DA:16,0
DA:17,0
DA:20,0
LF:5
LH:1
BRDA:4,0,0,0
BRDA:16,1,0,0
BRDA:16,1,1,0
BRF:3
BRH:0
end_of_record
TN:
SF:services\dashboard\dashboardGQL.js
FNF:0
FNH:0
DA:4,2
DA:33,2
DA:82,2
LF:3
LH:3
BRF:0
BRH:0
end_of_record
TN:
SF:services\dashboard\dashboardService.js
FN:6,(anonymous_0)
FNF:1
FNH:0
FNDA:0,(anonymous_0)
DA:6,2
DA:7,0
DA:9,0
DA:11,0
DA:12,0
DA:14,0
DA:15,0
DA:19,0
DA:20,0
DA:21,0
DA:22,0
DA:26,0
DA:30,0
DA:33,0
DA:34,0
DA:36,0
DA:38,0
DA:39,0
DA:40,0
LF:19
LH:1
BRDA:14,0,0,0
BRDA:14,0,1,0
BRDA:21,1,0,0
BRDA:21,1,1,0
BRDA:21,2,0,0
BRDA:21,2,1,0
BRDA:30,3,0,0
BRDA:30,3,1,0
BRF:8
BRH:0
end_of_record
TN:
SF:services\event\eventService.js
FN:5,(anonymous_0)
FN:43,(anonymous_1)
FN:82,(anonymous_2)
FN:98,(anonymous_3)
FN:155,(anonymous_4)
FNF:5
FNH:0
FNDA:0,(anonymous_0)
FNDA:0,(anonymous_1)
FNDA:0,(anonymous_2)
FNDA:0,(anonymous_3)
FNDA:0,(anonymous_4)
DA:5,2
DA:6,0
DA:8,0
DA:15,0
DA:16,0
DA:19,0
DA:20,0
DA:23,0
DA:24,0
DA:27,0
DA:28,0
DA:31,0
DA:32,0
DA:33,0
DA:36,0
DA:37,0
DA:40,0
DA:43,2
DA:44,0
DA:45,0
DA:46,0
DA:48,0
DA:49,0
DA:52,0
DA:53,0
DA:67,0
DA:70,0
DA:74,0
DA:75,0
DA:77,0
DA:78,0
DA:82,2
DA:83,0
DA:84,0
DA:87,0
DA:89,0
DA:94,0
DA:98,2
DA:100,0
DA:101,0
DA:104,0
DA:105,0
DA:107,0
DA:108,0
DA:111,0
DA:112,0
DA:113,0
DA:115,0
DA:116,0
DA:120,0
DA:125,0
DA:126,0
DA:130,0
DA:145,0
DA:146,0
DA:148,0
DA:149,0
DA:151,0
DA:155,2
DA:156,0
DA:157,0
LF:61
LH:5
BRDA:15,0,0,0
BRDA:15,0,1,0
BRDA:15,1,0,0
BRDA:15,1,1,0
BRDA:19,2,0,0
BRDA:19,2,1,0
BRDA:23,3,0,0
BRDA:23,3,1,0
BRDA:27,4,0,0
BRDA:27,4,1,0
BRDA:27,5,0,0
BRDA:27,5,1,0
BRDA:32,6,0,0
BRDA:32,6,1,0
BRDA:32,7,0,0
BRDA:32,7,1,0
BRDA:32,7,2,0
BRDA:36,8,0,0
BRDA:36,8,1,0
BRDA:36,9,0,0
BRDA:36,9,1,0
BRDA:48,10,0,0
BRDA:48,10,1,0
BRDA:61,11,0,0
BRDA:61,11,1,0
BRDA:63,12,0,0
BRDA:63,12,1,0
BRDA:64,13,0,0
BRDA:64,13,1,0
BRDA:100,14,0,0
BRDA:100,14,1,0
BRDA:100,15,0,0
BRDA:100,15,1,0
BRDA:111,16,0,0
BRDA:111,16,1,0
BRDA:112,17,0,0
BRDA:112,17,1,0
BRDA:112,18,0,0
BRDA:112,18,1,0
BRDA:115,19,0,0
BRDA:115,19,1,0
BRDA:115,20,0,0
BRDA:115,20,1,0
BRDA:125,21,0,0
BRDA:125,21,1,0
BRDA:136,22,0,0
BRDA:136,22,1,0
BRDA:136,22,2,0
BRDA:155,23,0,0
BRDA:155,24,0,0
BRF:50
BRH:0
end_of_record
TN:
SF:services\socket\socketMiddleware.js
FN:5,(anonymous_0)
FN:27,(anonymous_1)
FNF:2
FNH:0
FNDA:0,(anonymous_0)
FNDA:0,(anonymous_1)
DA:5,2
DA:6,0
DA:7,0
DA:9,0
DA:10,0
DA:13,0
DA:14,0
DA:16,0
DA:17,0
DA:20,0
DA:21,0
DA:23,0
DA:27,2
DA:28,0
DA:29,0
LF:15
LH:2
BRDA:7,0,0,0
BRDA:7,0,1,0
BRDA:9,1,0,0
BRDA:9,1,1,0
BRDA:16,2,0,0
BRDA:16,2,1,0
BRF:6
BRH:0
end_of_record
TN:
SF:services\socket\socketService.js
FN:8,initializeSocket
FN:17,(anonymous_1)
FN:33,(anonymous_2)
FN:40,(anonymous_3)
FN:46,(anonymous_4)
FN:52,(anonymous_5)
FN:61,(anonymous_6)
FN:69,(anonymous_7)
FN:77,getIO
FNF:9
FNH:0
FNDA:0,initializeSocket
FNDA:0,(anonymous_1)
FNDA:0,(anonymous_2)
FNDA:0,(anonymous_3)
FNDA:0,(anonymous_4)
FNDA:0,(anonymous_5)
FNDA:0,(anonymous_6)
FNDA:0,(anonymous_7)
FNDA:0,getIO
DA:9,0
DA:17,0
DA:18,0
DA:19,0
DA:20,0
DA:21,0
DA:24,0
DA:25,0
DA:26,0
DA:28,0
DA:33,0
DA:34,0
DA:37,0
DA:40,0
DA:41,0
DA:42,0
DA:46,0
DA:47,0
DA:48,0
DA:52,0
DA:53,0
DA:55,0
DA:58,0
DA:61,0
DA:62,0
DA:65,0
DA:69,0
DA:70,0
DA:74,0
DA:78,0
DA:79,0
DA:81,0
LF:32
LH:0
BRDA:20,0,0,0
BRDA:20,0,1,0
BRDA:78,1,0,0
BRDA:78,1,1,0
BRF:4
BRH:0
end_of_record
TN:
SF:services\tournament\tournamentService.js
FN:8,(anonymous_0)
FN:12,(anonymous_1)
FN:20,(anonymous_2)
FN:61,(anonymous_3)
FN:86,(anonymous_4)
FN:115,(anonymous_5)
FN:146,(anonymous_6)
FN:177,(anonymous_7)
FN:197,(anonymous_8)
FN:203,(anonymous_9)
FN:219,(anonymous_10)
FN:225,(anonymous_11)
FN:241,(anonymous_12)
FN:262,(anonymous_13)
FN:263,(anonymous_14)
FN:271,(anonymous_15)
FN:293,(anonymous_16)
FN:320,(anonymous_17)
FN:327,(anonymous_18)
FN:334,(anonymous_19)
FN:348,(anonymous_20)
FNF:21
FNH:7
FNDA:2,(anonymous_0)
FNDA:4,(anonymous_1)
FNDA:1,(anonymous_2)
FNDA:0,(anonymous_3)
FNDA:1,(anonymous_4)
FNDA:0,(anonymous_5)
FNDA:0,(anonymous_6)
FNDA:2,(anonymous_7)
FNDA:0,(anonymous_8)
FNDA:0,(anonymous_9)
FNDA:0,(anonymous_10)
FNDA:0,(anonymous_11)
FNDA:2,(anonymous_12)
FNDA:0,(anonymous_13)
FNDA:0,(anonymous_14)
FNDA:0,(anonymous_15)
FNDA:2,(anonymous_16)
FNDA:0,(anonymous_17)
FNDA:0,(anonymous_18)
FNDA:0,(anonymous_19)
FNDA:0,(anonymous_20)
DA:6,2
DA:8,2
DA:9,2
DA:12,2
DA:13,4
DA:14,2
DA:16,2
DA:20,2
DA:21,1
DA:23,1
DA:24,0
DA:27,1
DA:28,0
DA:31,1
DA:32,0
DA:35,1
DA:36,0
DA:39,1
DA:40,1
DA:41,1
DA:42,1
DA:44,1
DA:45,0
DA:47,1
DA:48,1
DA:52,1
DA:53,1
DA:56,1
DA:57,0
DA:60,1
DA:61,0
DA:62,0
DA:63,0
DA:65,0
DA:66,0
DA:68,0
DA:69,0
DA:74,1
DA:75,1
DA:76,0
DA:78,1
DA:79,0
DA:83,1
DA:86,2
DA:87,1
DA:88,1
DA:89,1
DA:90,1
DA:93,0
DA:98,0
DA:115,0
DA:126,0
DA:127,0
DA:131,0
DA:133,1
DA:142,1
DA:146,2
DA:147,0
DA:148,0
DA:149,0
DA:150,0
DA:153,0
DA:162,0
DA:163,0
DA:166,0
DA:168,0
DA:173,0
DA:177,2
DA:178,2
DA:179,2
DA:180,0
DA:183,2
DA:184,0
DA:187,2
DA:193,2
DA:194,2
DA:197,2
DA:198,0
DA:199,0
DA:200,0
DA:203,0
DA:204,0
DA:205,0
DA:208,0
DA:209,0
DA:212,0
DA:213,0
DA:215,0
DA:216,0
DA:219,2
DA:220,0
DA:221,0
DA:222,0
DA:225,0
DA:226,0
DA:227,0
DA:230,0
DA:231,0
DA:234,0
DA:235,0
DA:237,0
DA:238,0
DA:241,2
DA:242,2
DA:243,0
DA:246,2
DA:247,2
DA:249,2
DA:262,2
DA:263,0
DA:264,0
DA:266,0
DA:271,0
DA:274,2
DA:293,2
DA:296,2
DA:316,2
DA:320,2
DA:321,0
DA:322,0
DA:323,0
DA:327,0
DA:328,0
DA:332,0
DA:333,0
DA:334,0
DA:336,0
DA:337,0
DA:338,0
DA:339,0
DA:344,0
DA:345,0
DA:348,0
DA:349,0
DA:351,0
DA:353,0
LF:136
LH:56
BRDA:13,0,0,2
BRDA:13,0,1,2
BRDA:23,1,0,0
BRDA:23,1,1,1
BRDA:23,2,0,1
BRDA:23,2,1,1
BRDA:27,3,0,0
BRDA:27,3,1,1
BRDA:27,4,0,1
BRDA:27,4,1,1
BRDA:31,5,0,0
BRDA:31,5,1,1
BRDA:35,6,0,0
BRDA:35,6,1,1
BRDA:35,7,0,1
BRDA:35,7,1,0
BRDA:39,8,0,1
BRDA:39,8,1,0
BRDA:39,9,0,1
BRDA:39,9,1,1
BRDA:44,10,0,0
BRDA:44,10,1,1
BRDA:47,11,0,1
BRDA:47,11,1,0
BRDA:52,12,0,1
BRDA:52,12,1,0
BRDA:56,13,0,0
BRDA:56,13,1,1
BRDA:56,14,0,1
BRDA:56,14,1,0
BRDA:56,14,2,0
BRDA:60,15,0,0
BRDA:60,15,1,1
BRDA:62,16,0,0
BRDA:62,16,1,0
BRDA:65,17,0,0
BRDA:65,17,1,0
BRDA:65,18,0,0
BRDA:65,18,1,0
BRDA:65,18,2,0
BRDA:68,19,0,0
BRDA:68,19,1,0
BRDA:74,20,0,1
BRDA:74,20,1,0
BRDA:75,21,0,0
BRDA:75,21,1,1
BRDA:75,22,0,1
BRDA:75,22,1,0
BRDA:78,23,0,0
BRDA:78,23,1,1
BRDA:78,24,0,1
BRDA:78,24,1,0
BRDA:89,25,0,1
BRDA:89,25,1,0
BRDA:104,26,0,0
BRDA:104,26,1,0
BRDA:106,27,0,0
BRDA:106,27,1,0
BRDA:107,28,0,0
BRDA:107,28,1,0
BRDA:108,29,0,0
BRDA:108,29,1,0
BRDA:109,30,0,0
BRDA:109,30,1,0
BRDA:110,31,0,0
BRDA:110,31,1,0
BRDA:112,32,0,0
BRDA:112,32,1,0
BRDA:113,33,0,0
BRDA:113,33,1,0
BRDA:115,34,0,0
BRDA:115,34,1,0
BRDA:117,35,0,0
BRDA:117,35,1,0
BRDA:118,36,0,0
BRDA:118,36,1,0
BRDA:120,37,0,0
BRDA:120,37,1,0
BRDA:122,38,0,0
BRDA:122,38,1,0
BRDA:123,39,0,0
BRDA:123,39,1,0
BRDA:149,40,0,0
BRDA:149,40,1,0
BRDA:162,41,0,0
BRDA:162,41,1,0
BRDA:179,42,0,0
BRDA:179,42,1,2
BRDA:183,43,0,0
BRDA:183,43,1,2
BRDA:199,44,0,0
BRDA:199,44,1,0
BRDA:204,45,0,0
BRDA:204,45,1,0
BRDA:208,46,0,0
BRDA:208,46,1,0
BRDA:221,47,0,0
BRDA:221,47,1,0
BRDA:226,48,0,0
BRDA:226,48,1,0
BRDA:230,49,0,0
BRDA:230,49,1,0
BRDA:242,50,0,0
BRDA:242,50,1,2
BRDA:268,51,0,0
BRDA:268,51,1,0
BRDA:293,52,0,0
BRDA:293,52,1,2
BRDA:322,53,0,0
BRDA:322,53,1,0
BRDA:327,54,0,0
BRDA:327,54,1,0
BRDA:327,55,0,0
BRDA:327,55,1,0
BRDA:327,56,0,0
BRDA:327,56,1,0
BRDA:336,57,0,0
BRDA:336,57,1,0
BRDA:338,58,0,0
BRDA:338,58,1,0
BRDA:339,59,0,0
BRDA:339,59,1,0
BRF:122
BRH:30
end_of_record
TN:
SF:services\user\userService.js
FN:5,(anonymous_0)
FN:35,(anonymous_1)
FN:55,(anonymous_2)
FN:71,(anonymous_3)
FN:85,(anonymous_4)
FN:96,(anonymous_5)
FN:97,(anonymous_6)
FN:109,(anonymous_7)
FN:133,(anonymous_8)
FNF:9
FNH:7
FNDA:2,(anonymous_0)
FNDA:1,(anonymous_1)
FNDA:0,(anonymous_2)
FNDA:0,(anonymous_3)
FNDA:1,(anonymous_4)
FNDA:1,(anonymous_5)
FNDA:1,(anonymous_6)
FNDA:1,(anonymous_7)
FNDA:2,(anonymous_8)
DA:5,2
DA:6,2
DA:8,2
DA:12,2
DA:13,1
DA:14,1
DA:17,1
DA:18,1
DA:20,1
DA:22,1
DA:24,1
DA:35,2
DA:36,1
DA:37,1
DA:39,1
DA:40,0
DA:43,1
DA:45,1
DA:55,2
DA:56,0
DA:59,0
DA:60,0
DA:63,0
DA:71,2
DA:72,0
DA:73,0
DA:76,0
DA:85,2
DA:86,1
DA:95,1
DA:96,1
DA:98,1
DA:99,1
DA:102,1
DA:109,2
DA:110,1
DA:112,1
DA:114,1
DA:115,0
DA:117,0
DA:119,0
DA:122,1
DA:123,0
DA:126,1
DA:128,0
DA:129,0
DA:133,2
DA:134,2
LF:48
LH:34
BRDA:12,0,0,1
BRDA:12,0,1,1
BRDA:39,1,0,0
BRDA:39,1,1,1
BRDA:39,2,0,1
BRDA:39,2,1,1
BRDA:59,3,0,0
BRDA:59,3,1,0
BRDA:72,4,0,0
BRDA:72,4,1,0
BRDA:72,5,0,0
BRDA:72,5,1,0
BRDA:112,6,0,1
BRDA:112,6,1,0
BRDA:115,7,0,0
BRDA:115,7,1,0
BRDA:122,8,0,0
BRDA:122,8,1,1
BRF:18
BRH:7
end_of_record
TN:
SF:utils\logger.js
FNF:0
FNH:0
DA:3,2
LF:1
LH:1
BRDA:4,0,0,2
BRDA:4,0,1,2
BRF:2
BRH:2
end_of_record
TN:
SF:validators\postValidator.js
FN:1,(anonymous_0)
FNF:1
FNH:0
FNDA:0,(anonymous_0)
DA:1,2
DA:2,0
DA:3,0
DA:6,0
LF:4
LH:1
BRDA:2,0,0,0
BRDA:2,0,1,0
BRDA:2,1,0,0
BRDA:2,1,1,0
BRF:4
BRH:0
end_of_record
TN:
SF:validators\tournamentValidator.js
FN:1,(anonymous_0)
FNF:1
FNH:0
FNDA:0,(anonymous_0)
DA:1,2
DA:2,0
DA:4,0
DA:5,0
DA:8,0
DA:9,0
DA:12,0
DA:13,0
DA:16,0
DA:17,0
DA:18,0
DA:19,0
DA:23,0
LF:13
LH:1
BRDA:4,0,0,0
BRDA:4,0,1,0
BRDA:4,1,0,0
BRDA:4,1,1,0
BRDA:8,2,0,0
BRDA:8,2,1,0
BRDA:8,3,0,0
BRDA:8,3,1,0
BRDA:12,4,0,0
BRDA:12,4,1,0
BRDA:12,5,0,0
BRDA:12,5,1,0
BRDA:17,6,0,0
BRDA:17,6,1,0
BRDA:17,7,0,0
BRDA:17,7,1,0
BRDA:18,8,0,0
BRDA:18,8,1,0
BRDA:18,9,0,0
BRDA:18,9,1,0
BRF:20
BRH:0
end_of_record
